c:\users\kcxac\documents\nix chair - copy\recode\imguiexternal\x64\release\vc143.pdb
c:\users\kcxac\documents\nix chair - copy\recode\imguiexternal\x64\release\source.obj
c:\users\kcxac\documents\nix chair - copy\recode\imguiexternal\x64\release\sdk.obj
c:\users\kcxac\documents\nix chair - copy\recode\imguiexternal\x64\release\levectors.obj
c:\users\kcxac\documents\nix chair - copy\recode\imguiexternal\x64\release\imgui_widgets.obj
c:\users\kcxac\documents\nix chair - copy\recode\imguiexternal\x64\release\imgui_tables.obj
c:\users\kcxac\documents\nix chair - copy\recode\imguiexternal\x64\release\imgui_impl_win32.obj
c:\users\kcxac\documents\nix chair - copy\recode\imguiexternal\x64\release\imgui_impl_dx9.obj
c:\users\kcxac\documents\nix chair - copy\recode\imguiexternal\x64\release\imgui_draw.obj
c:\users\kcxac\documents\nix chair - copy\recode\imguiexternal\x64\release\imgui_demo.obj
c:\users\kcxac\documents\nix chair - copy\recode\imguiexternal\x64\release\imgui.obj
c:\users\kcxac\documents\nix chair - copy\recode\imguiexternal\x64\release\driver2.obj
c:\users\kcxac\documents\nix chair - copy\recode\x64\release\kc.exe
c:\users\kcxac\documents\nix chair - copy\recode\x64\release\kc.pdb
c:\users\kcxac\documents\nix chair - copy\recode\imguiexternal\x64\release\kc.tlog\cl.command.1.tlog
c:\users\kcxac\documents\nix chair - copy\recode\imguiexternal\x64\release\kc.tlog\cl.read.1.tlog
c:\users\kcxac\documents\nix chair - copy\recode\imguiexternal\x64\release\kc.tlog\cl.write.1.tlog
c:\users\kcxac\documents\nix chair - copy\recode\imguiexternal\x64\release\kc.tlog\link.command.1.tlog
c:\users\kcxac\documents\nix chair - copy\recode\imguiexternal\x64\release\kc.tlog\link.read.1.tlog
c:\users\kcxac\documents\nix chair - copy\recode\imguiexternal\x64\release\kc.tlog\link.write.1.tlog
