c:\users\kcxac\documents\nix chair\imguiexternal\x64\release\vc143.pdb
c:\users\kcxac\documents\nix chair\imguiexternal\x64\release\source.obj
c:\users\kcxac\documents\nix chair\imguiexternal\x64\release\sdk.obj
c:\users\kcxac\documents\nix chair\imguiexternal\x64\release\levectors.obj
c:\users\kcxac\documents\nix chair\imguiexternal\x64\release\imgui_widgets.obj
c:\users\kcxac\documents\nix chair\imguiexternal\x64\release\imgui_tables.obj
c:\users\kcxac\documents\nix chair\imguiexternal\x64\release\imgui_impl_win32.obj
c:\users\kcxac\documents\nix chair\imguiexternal\x64\release\imgui_impl_dx9.obj
c:\users\kcxac\documents\nix chair\imguiexternal\x64\release\imgui_draw.obj
c:\users\kcxac\documents\nix chair\imguiexternal\x64\release\imgui_demo.obj
c:\users\kcxac\documents\nix chair\imguiexternal\x64\release\imgui.obj
c:\users\kcxac\documents\nix chair\x64\release\nix wz chair.exe
c:\users\kcxac\documents\nix chair\x64\release\nix wz chair.pdb
c:\users\kcxac\documents\nix chair\x64\release\libcurl.dll
c:\users\kcxac\documents\nix chair\x64\release\zlib1.dll
c:\users\kcxac\documents\nix chair\imguiexternal\x64\release\nix wz chair.tlog\cl.command.1.tlog
c:\users\kcxac\documents\nix chair\imguiexternal\x64\release\nix wz chair.tlog\cl.read.1.tlog
c:\users\kcxac\documents\nix chair\imguiexternal\x64\release\nix wz chair.tlog\cl.write.1.tlog
c:\users\kcxac\documents\nix chair\imguiexternal\x64\release\nix wz chair.tlog\link.command.1.tlog
c:\users\kcxac\documents\nix chair\imguiexternal\x64\release\nix wz chair.tlog\link.read.1.tlog
c:\users\kcxac\documents\nix chair\imguiexternal\x64\release\nix wz chair.tlog\link.write.1.tlog
c:\users\kcxac\documents\nix chair\imguiexternal\x64\release\nix wz chair.tlog\nix wz chair.write.1u.tlog
